<?xml version="1.0" encoding="UTF-8"?>
<robot generator="Robot 3.0.4 (Python 3.6.1 on win32)" generated="20180820 16:29:58.883">
<suite id="s1" name="Tests" source="C:\YandexDisk\work\toha\tests.robot">
<test id="s1-t1" name="Test Auth">
<kw name="Check auth">
<doc>Шаблон для проверки /basic-auth/:user/:passwd</doc>
<arguments>
<arg>user1</arg>
<arg>pass1</arg>
</arguments>
<kw name="Comment" library="BuiltIn">
<doc>Displays the given messages in the log file as keyword arguments.</doc>
<arguments>
<arg>Отправка запроса</arg>
</arguments>
<status status="PASS" starttime="20180820 16:29:59.250" endtime="20180820 16:29:59.250"></status>
</kw>
<kw name="Test Auth" library="httpbin_tester">
<doc>Функция выполняющая базовую авторизацию</doc>
<arguments>
<arg>user=${user}</arg>
<arg>password=${password}</arg>
</arguments>
<assign>
<var>${resp}</var>
</assign>
<msg timestamp="20180820 16:29:59.675" level="INFO">${resp} = &lt;Response [200]&gt;</msg>
<status status="PASS" starttime="20180820 16:29:59.251" endtime="20180820 16:29:59.675"></status>
</kw>
<kw name="Comment" library="BuiltIn">
<doc>Displays the given messages in the log file as keyword arguments.</doc>
<arguments>
<arg>Проверка кода ответа</arg>
</arguments>
<status status="PASS" starttime="20180820 16:29:59.675" endtime="20180820 16:29:59.676"></status>
</kw>
<kw name="Should Be Equal As Strings" library="BuiltIn">
<doc>Fails if objects are unequal after converting them to strings.</doc>
<arguments>
<arg>${resp.status_code}</arg>
<arg>200</arg>
</arguments>
<msg timestamp="20180820 16:29:59.677" level="INFO">Argument types are:
&lt;class 'int'&gt;
&lt;type 'unicode'&gt;</msg>
<status status="PASS" starttime="20180820 16:29:59.676" endtime="20180820 16:29:59.678"></status>
</kw>
<kw name="Comment" library="BuiltIn">
<doc>Displays the given messages in the log file as keyword arguments.</doc>
<arguments>
<arg>Проверка полученного контента на соответствие параметров</arg>
</arguments>
<status status="PASS" starttime="20180820 16:29:59.678" endtime="20180820 16:29:59.678"></status>
</kw>
<kw name="Element Should Exist" library="JsonValidator">
<doc>Check the existence of one or more elements, matching [ http://jsonselect.org/ | JSONSelect] expression.</doc>
<arguments>
<arg>${resp.content}</arg>
<arg>.user:contains("${user}")</arg>
</arguments>
<status status="PASS" starttime="20180820 16:29:59.679" endtime="20180820 16:29:59.681"></status>
</kw>
<kw name="Should Be True" library="BuiltIn">
<doc>Fails if the given condition is not true.</doc>
<arguments>
<arg>${resp.content}</arg>
<arg>.authenticated</arg>
</arguments>
<status status="PASS" starttime="20180820 16:29:59.681" endtime="20180820 16:29:59.682"></status>
</kw>
<status status="PASS" starttime="20180820 16:29:59.249" endtime="20180820 16:29:59.682"></status>
</kw>
<kw name="Check auth">
<doc>Шаблон для проверки /basic-auth/:user/:passwd</doc>
<arguments>
<arg>user2</arg>
<arg>pass2</arg>
</arguments>
<kw name="Comment" library="BuiltIn">
<doc>Displays the given messages in the log file as keyword arguments.</doc>
<arguments>
<arg>Отправка запроса</arg>
</arguments>
<status status="PASS" starttime="20180820 16:29:59.685" endtime="20180820 16:29:59.685"></status>
</kw>
<kw name="Test Auth" library="httpbin_tester">
<doc>Функция выполняющая базовую авторизацию</doc>
<arguments>
<arg>user=${user}</arg>
<arg>password=${password}</arg>
</arguments>
<assign>
<var>${resp}</var>
</assign>
<msg timestamp="20180820 16:30:00.040" level="INFO">${resp} = &lt;Response [200]&gt;</msg>
<status status="PASS" starttime="20180820 16:29:59.685" endtime="20180820 16:30:00.040"></status>
</kw>
<kw name="Comment" library="BuiltIn">
<doc>Displays the given messages in the log file as keyword arguments.</doc>
<arguments>
<arg>Проверка кода ответа</arg>
</arguments>
<status status="PASS" starttime="20180820 16:30:00.040" endtime="20180820 16:30:00.041"></status>
</kw>
<kw name="Should Be Equal As Strings" library="BuiltIn">
<doc>Fails if objects are unequal after converting them to strings.</doc>
<arguments>
<arg>${resp.status_code}</arg>
<arg>200</arg>
</arguments>
<msg timestamp="20180820 16:30:00.042" level="INFO">Argument types are:
&lt;class 'int'&gt;
&lt;type 'unicode'&gt;</msg>
<status status="PASS" starttime="20180820 16:30:00.041" endtime="20180820 16:30:00.042"></status>
</kw>
<kw name="Comment" library="BuiltIn">
<doc>Displays the given messages in the log file as keyword arguments.</doc>
<arguments>
<arg>Проверка полученного контента на соответствие параметров</arg>
</arguments>
<status status="PASS" starttime="20180820 16:30:00.042" endtime="20180820 16:30:00.043"></status>
</kw>
<kw name="Element Should Exist" library="JsonValidator">
<doc>Check the existence of one or more elements, matching [ http://jsonselect.org/ | JSONSelect] expression.</doc>
<arguments>
<arg>${resp.content}</arg>
<arg>.user:contains("${user}")</arg>
</arguments>
<status status="PASS" starttime="20180820 16:30:00.043" endtime="20180820 16:30:00.044"></status>
</kw>
<kw name="Should Be True" library="BuiltIn">
<doc>Fails if the given condition is not true.</doc>
<arguments>
<arg>${resp.content}</arg>
<arg>.authenticated</arg>
</arguments>
<status status="PASS" starttime="20180820 16:30:00.045" endtime="20180820 16:30:00.046"></status>
</kw>
<status status="PASS" starttime="20180820 16:29:59.683" endtime="20180820 16:30:00.046"></status>
</kw>
<status status="PASS" starttime="20180820 16:29:59.247" endtime="20180820 16:30:00.046" critical="yes"></status>
</test>
<test id="s1-t2" name="Test Get">
<kw name="Comment" library="BuiltIn">
<doc>Displays the given messages in the log file as keyword arguments.</doc>
<arguments>
<arg>Создание необходимых словарей для передачу в функцию</arg>
</arguments>
<status status="PASS" starttime="20180820 16:30:00.048" endtime="20180820 16:30:00.049"></status>
</kw>
<kw name="Create Dictionary" library="BuiltIn">
<doc>Creates and returns a dictionary based on the given ``items``.</doc>
<arguments>
<arg>Content-Type=application/json; charset=UTF-8</arg>
</arguments>
<assign>
<var>${headers}</var>
</assign>
<msg timestamp="20180820 16:30:00.050" level="INFO">${headers} = {'Content-Type': 'application/json; charset=UTF-8'}</msg>
<status status="PASS" starttime="20180820 16:30:00.049" endtime="20180820 16:30:00.050"></status>
</kw>
<kw name="Create Dictionary" library="BuiltIn">
<doc>Creates and returns a dictionary based on the given ``items``.</doc>
<arguments>
<arg>param1=val1</arg>
<arg>param2=val2</arg>
</arguments>
<assign>
<var>${params}</var>
</assign>
<msg timestamp="20180820 16:30:00.051" level="INFO">${params} = {'param1': 'val1', 'param2': 'val2'}</msg>
<status status="PASS" starttime="20180820 16:30:00.051" endtime="20180820 16:30:00.051"></status>
</kw>
<kw name="Comment" library="BuiltIn">
<doc>Displays the given messages in the log file as keyword arguments.</doc>
<arguments>
<arg>Отправка запроса</arg>
</arguments>
<status status="PASS" starttime="20180820 16:30:00.052" endtime="20180820 16:30:00.052"></status>
</kw>
<kw name="Test Get" library="httpbin_tester">
<doc>Функция выполняющая GET запрос с заданными параметрами</doc>
<arguments>
<arg>params=${params}</arg>
<arg>headers=${headers}</arg>
</arguments>
<assign>
<var>${resp}</var>
</assign>
<msg timestamp="20180820 16:30:00.411" level="INFO">${resp} = &lt;Response [200]&gt;</msg>
<status status="PASS" starttime="20180820 16:30:00.052" endtime="20180820 16:30:00.411"></status>
</kw>
<kw name="Comment" library="BuiltIn">
<doc>Displays the given messages in the log file as keyword arguments.</doc>
<arguments>
<arg>Проверка кода ответа</arg>
</arguments>
<status status="PASS" starttime="20180820 16:30:00.412" endtime="20180820 16:30:00.412"></status>
</kw>
<kw name="Should Be Equal As Strings" library="BuiltIn">
<doc>Fails if objects are unequal after converting them to strings.</doc>
<arguments>
<arg>${resp.status_code}</arg>
<arg>200</arg>
</arguments>
<msg timestamp="20180820 16:30:00.413" level="INFO">Argument types are:
&lt;class 'int'&gt;
&lt;type 'unicode'&gt;</msg>
<status status="PASS" starttime="20180820 16:30:00.413" endtime="20180820 16:30:00.414"></status>
</kw>
<kw name="Comment" library="BuiltIn">
<doc>Displays the given messages in the log file as keyword arguments.</doc>
<arguments>
<arg>Проверка полученного контента на соответствие параметров</arg>
</arguments>
<status status="PASS" starttime="20180820 16:30:00.414" endtime="20180820 16:30:00.414"></status>
</kw>
<kw name="Element Should Exist" library="JsonValidator">
<doc>Check the existence of one or more elements, matching [ http://jsonselect.org/ | JSONSelect] expression.</doc>
<arguments>
<arg>${resp.content}</arg>
<arg>.args .param1:contains("val1")</arg>
</arguments>
<status status="PASS" starttime="20180820 16:30:00.415" endtime="20180820 16:30:00.416"></status>
</kw>
<kw name="Element Should Exist" library="JsonValidator">
<doc>Check the existence of one or more elements, matching [ http://jsonselect.org/ | JSONSelect] expression.</doc>
<arguments>
<arg>${resp.content}</arg>
<arg>.args .param2:contains("val2")</arg>
</arguments>
<status status="PASS" starttime="20180820 16:30:00.417" endtime="20180820 16:30:00.418"></status>
</kw>
<kw name="Element Should Exist" library="JsonValidator">
<doc>Check the existence of one or more elements, matching [ http://jsonselect.org/ | JSONSelect] expression.</doc>
<arguments>
<arg>${resp.content}</arg>
<arg>.headers .Content-Type:contains("application/json; charset=UTF-8")</arg>
</arguments>
<status status="PASS" starttime="20180820 16:30:00.419" endtime="20180820 16:30:00.420"></status>
</kw>
<doc>Тест для проверки метода /get</doc>
<status status="PASS" starttime="20180820 16:30:00.047" endtime="20180820 16:30:00.420" critical="yes"></status>
</test>
<test id="s1-t3" name="Test Stream">
<kw name="Comment" library="BuiltIn">
<doc>Displays the given messages in the log file as keyword arguments.</doc>
<arguments>
<arg>Отправка запроса</arg>
</arguments>
<status status="PASS" starttime="20180820 16:30:00.422" endtime="20180820 16:30:00.423"></status>
</kw>
<kw name="Test Stream" library="httpbin_tester">
<doc>Функция выполняющая GET запрос по пути /stream/:n</doc>
<arguments>
<arg>count=${count_stream_lines}</arg>
</arguments>
<assign>
<var>${resp}</var>
</assign>
<msg timestamp="20180820 16:30:00.794" level="INFO">${resp} = &lt;Response [200]&gt;</msg>
<status status="PASS" starttime="20180820 16:30:00.423" endtime="20180820 16:30:00.794"></status>
</kw>
<kw name="Comment" library="BuiltIn">
<doc>Displays the given messages in the log file as keyword arguments.</doc>
<arguments>
<arg>Проверка кода ответа</arg>
</arguments>
<status status="PASS" starttime="20180820 16:30:00.794" endtime="20180820 16:30:00.794"></status>
</kw>
<kw name="Should Be Equal As Strings" library="BuiltIn">
<doc>Fails if objects are unequal after converting them to strings.</doc>
<arguments>
<arg>${resp.status_code}</arg>
<arg>200</arg>
</arguments>
<msg timestamp="20180820 16:30:00.795" level="INFO">Argument types are:
&lt;class 'int'&gt;
&lt;type 'unicode'&gt;</msg>
<status status="PASS" starttime="20180820 16:30:00.795" endtime="20180820 16:30:00.795"></status>
</kw>
<kw name="Comment" library="BuiltIn">
<doc>Displays the given messages in the log file as keyword arguments.</doc>
<arguments>
<arg>Проверка полученного контента на соответствие установленному количеству строк</arg>
</arguments>
<status status="PASS" starttime="20180820 16:30:00.796" endtime="20180820 16:30:00.796"></status>
</kw>
<kw name="Get Line Count" library="String">
<doc>Returns and logs the number of lines in the given string.</doc>
<arguments>
<arg>${resp.content}</arg>
</arguments>
<assign>
<var>${rec_count}</var>
</assign>
<msg timestamp="20180820 16:30:00.796" level="INFO">4 lines</msg>
<msg timestamp="20180820 16:30:00.796" level="INFO">${rec_count} = 4</msg>
<status status="PASS" starttime="20180820 16:30:00.796" endtime="20180820 16:30:00.796"></status>
</kw>
<kw name="Should Be Equal" library="BuiltIn">
<doc>Fails if the given objects are unequal.</doc>
<arguments>
<arg>${count_stream_lines}</arg>
<arg>${rec_count}</arg>
</arguments>
<status status="PASS" starttime="20180820 16:30:00.797" endtime="20180820 16:30:00.797"></status>
</kw>
<doc>Тест для проверки метода /stream</doc>
<status status="PASS" starttime="20180820 16:30:00.421" endtime="20180820 16:30:00.797" critical="yes"></status>
</test>
<doc>Тесты для сайта http://httpbin.org/.

== Зависимости ==
- [ https://github.com/dmizverev/robot-framework-library/blob/master/library/JsonValidator.py | JsonValidator ]
- [ http://robotframework.org/robotframework/latest/libraries/String.html | String ]</doc>
<status status="PASS" starttime="20180820 16:29:58.884" endtime="20180820 16:30:00.798"></status>
</suite>
<statistics>
<total>
<stat pass="3" fail="0">Critical Tests</stat>
<stat pass="3" fail="0">All Tests</stat>
</total>
<tag>
</tag>
<suite>
<stat pass="3" fail="0" id="s1" name="Tests">Tests</stat>
</suite>
</statistics>
<errors>
</errors>
</robot>
